-------------------------------------------------------------------------------
Test set: com.team.team_management_system.TeamManagementSystemApplicationTests
-------------------------------------------------------------------------------
Tests run: 1, Failures: 0, Errors: 1, Skipped: 0, Time elapsed: 0.347 s <<< FAILURE! - in com.team.team_management_system.TeamManagementSystemApplicationTests
com.team.team_management_system.TeamManagementSystemApplicationTests  Time elapsed: 0.343 s  <<< ERROR!
java.lang.IllegalArgumentException: Unresolvable class definition for class [com.team.team_management_system.TeamManagementSystemApplication]
Caused by: java.lang.UnsupportedClassVersionError: com/team/team_management_system/TeamManagementSystemApplication has been compiled by a more recent version of the Java Runtime (class file version 61.0), this version of the Java Runtime only recognizes class file versions up to 55.0

