<?xml version="1.0" encoding="UTF-8"?>
<testsuite xmlns:xsi="http://www.w3.org/2001/XMLSchema-instance" xsi:noNamespaceSchemaLocation="https://maven.apache.org/surefire/maven-surefire-plugin/xsd/surefire-test-report.xsd" name="com.team.team_management_system.TeamManagementSystemApplicationTests" time="0.347" tests="1" errors="1" skipped="0" failures="0">
  <properties>
[...]
</properties>
  <testcase name="com.team.team_management_system.TeamManagementSystemApplicationTests" classname="com.team.team_management_system.TeamManagementSystemApplicationTests" time="0.343">
    <error message="Unresolvable class definition for class [com.team.team_management_system.TeamManagementSystemApplication]" type="java.lang.IllegalArgumentException">java.lang.IllegalArgumentException: Unresolvable class definition for class [com.team.team_management_system.TeamManagementSystemApplication]
Caused by: java.lang.UnsupportedClassVersionError: com/team/team_management_system/TeamManagementSystemApplication has been compiled by a more recent version of the Java Runtime (class file version 61.0), this version of the Java Runtime only recognizes class file versions up to 55.0
</error>
    <system-out><![CDATA[13:10:26.928 [main] DEBUG org.springframework.test.context.BootstrapUtils - Instantiating CacheAwareContextLoaderDelegate from class [org.springframework.test.context.cache.DefaultCacheAwareContextLoaderDelegate]
13:10:26.940 [main] DEBUG org.springframework.test.context.BootstrapUtils - Instantiating BootstrapContext using constructor [public org.springframework.test.context.support.DefaultBootstrapContext(java.lang.Class,org.springframework.test.context.CacheAwareContextLoaderDelegate)]
13:10:26.986 [main] DEBUG org.springframework.test.context.BootstrapUtils - Instantiating TestContextBootstrapper for test class [com.team.team_management_system.TeamManagementSystemApplicationTests] from class [org.springframework.boot.test.context.SpringBootTestContextBootstrapper]
13:10:27.000 [main] INFO org.springframework.boot.test.context.SpringBootTestContextBootstrapper - Neither @ContextConfiguration nor @ContextHierarchy found for test class [com.team.team_management_system.TeamManagementSystemApplicationTests], using SpringBootContextLoader
13:10:27.007 [main] DEBUG org.springframework.test.context.support.AbstractContextLoader - Did not detect default resource location for test class [com.team.team_management_system.TeamManagementSystemApplicationTests]: class path resource [com/team/team_management_system/TeamManagementSystemApplicationTests-context.xml] does not exist
13:10:27.008 [main] DEBUG org.springframework.test.context.support.AbstractContextLoader - Did not detect default resource location for test class [com.team.team_management_system.TeamManagementSystemApplicationTests]: class path resource [com/team/team_management_system/TeamManagementSystemApplicationTestsContext.groovy] does not exist
13:10:27.009 [main] INFO org.springframework.test.context.support.AbstractContextLoader - Could not detect default resource locations for test class [com.team.team_management_system.TeamManagementSystemApplicationTests]: no resource found for suffixes {-context.xml, Context.groovy}.
13:10:27.010 [main] INFO org.springframework.test.context.support.AnnotationConfigContextLoaderUtils - Could not detect default configuration classes for test class [com.team.team_management_system.TeamManagementSystemApplicationTests]: TeamManagementSystemApplicationTests does not declare any static, non-private, non-final, nested classes annotated with @Configuration.
13:10:27.077 [main] DEBUG org.springframework.test.context.support.ActiveProfilesUtils - Could not find an 'annotation declaring class' for annotation type [org.springframework.test.context.ActiveProfiles] and class [com.team.team_management_system.TeamManagementSystemApplicationTests]
13:10:27.173 [main] DEBUG org.springframework.context.annotation.ClassPathScanningCandidateComponentProvider - Identified candidate component class: file [/home/shivas/team_management_system/target/classes/com/team/team_management_system/TeamManagementSystemApplication.class]
]]></system-out>
  </testcase>
</testsuite>